Jun 18 20:27 : state_file: failed to open /home/ganja/.mpd/mpdstate: No such file or directory
Jun 18 22:17 : update: added Terry Goodkind - Sanningens Svärd 9-12/09.Terry_Goodkind-Vindarnas_Tempel-AUDIOBOOK-SE-2004-CTA/19-terry_goodkind-vindarnas_tempel.mp3
Jun 18 22:17 : update: added Terry Goodkind - Sanningens Svärd 9-12/09.Terry_Goodkind-Vindarnas_Tempel-AUDIOBOOK-SE-2004-CTA/16-terry_goodkind-vindarnas_tempel.mp3
Jun 18 22:17 : update: added Terry Goodkind - Sanningens Svärd 9-12/09.Terry_Goodkind-Vindarnas_Tempel-AUDIOBOOK-SE-2004-CTA/25-terry_goodkind-vindarnas_tempel.mp3
Jun 18 22:17 : update: added Terry Goodkind - Sanningens Svärd 9-12/09.Terry_Goodkind-Vindarnas_Tempel-AUDIOBOOK-SE-2004-CTA/28-terry_goodkind-vindarnas_tempel.mp3
Jun 18 22:17 : update: added Terry Goodkind - Sanningens Svärd 9-12/09.Terry_Goodkind-Vindarnas_Tempel-AUDIOBOOK-SE-2004-CTA/12-terry_goodkind-vindarnas_tempel.mp3
Jun 18 22:17 : update: added Terry Goodkind - Sanningens Svärd 9-12/09.Terry_Goodkind-Vindarnas_Tempel-AUDIOBOOK-SE-2004-CTA/08-terry_goodkind-vindarnas_tempel.mp3
Jun 18 22:17 : update: added Terry Goodkind - Sanningens Svärd 9-12/09.Terry_Goodkind-Vindarnas_Tempel-AUDIOBOOK-SE-2004-CTA/17-terry_goodkind-vindarnas_tempel.mp3
Jun 18 22:17 : update: added Terry Goodkind - Sanningens Svärd 9-12/09.Terry_Goodkind-Vindarnas_Tempel-AUDIOBOOK-SE-2004-CTA/13-terry_goodkind-vindarnas_tempel.mp3
Jun 18 22:17 : update: added Terry Goodkind - Sanningens Svärd 9-12/09.Terry_Goodkind-Vindarnas_Tempel-AUDIOBOOK-SE-2004-CTA/10-terry_goodkind-vindarnas_tempel.mp3
Jun 18 22:17 : update: added Terry Goodkind - Sanningens Svärd 9-12/09.Terry_Goodkind-Vindarnas_Tempel-AUDIOBOOK-SE-2004-CTA/07-terry_goodkind-vindarnas_tempel.mp3
Jun 18 22:17 : update: added Terry Goodkind - Sanningens Svärd 9-12/09.Terry_Goodkind-Vindarnas_Tempel-AUDIOBOOK-SE-2004-CTA/01-terry_goodkind-vindarnas_tempel.mp3
Jun 18 22:17 : update: added Terry Goodkind - Sanningens Svärd 9-12/09.Terry_Goodkind-Vindarnas_Tempel-AUDIOBOOK-SE-2004-CTA/18-terry_goodkind-vindarnas_tempel.mp3
Jun 18 22:17 : update: added Terry Goodkind - Sanningens Svärd 9-12/09.Terry_Goodkind-Vindarnas_Tempel-AUDIOBOOK-SE-2004-CTA/03-terry_goodkind-vindarnas_tempel.mp3
Jun 18 22:17 : update: added Terry Goodkind - Sanningens Svärd 9-12/09.Terry_Goodkind-Vindarnas_Tempel-AUDIOBOOK-SE-2004-CTA/05-terry_goodkind-vindarnas_tempel.mp3
Jun 18 22:17 : update: added Terry Goodkind - Sanningens Svärd 9-12/09.Terry_Goodkind-Vindarnas_Tempel-AUDIOBOOK-SE-2004-CTA/20-terry_goodkind-vindarnas_tempel.mp3
Jun 18 22:17 : update: added Terry Goodkind - Sanningens Svärd 9-12/09.Terry_Goodkind-Vindarnas_Tempel-AUDIOBOOK-SE-2004-CTA/15-terry_goodkind-vindarnas_tempel.mp3
Jun 18 22:17 : update: added Terry Goodkind - Sanningens Svärd 9-12/09.Terry_Goodkind-Vindarnas_Tempel-AUDIOBOOK-SE-2004-CTA/21-terry_goodkind-vindarnas_tempel.mp3
Jun 18 22:17 : update: added Terry Goodkind - Sanningens Svärd 9-12/09.Terry_Goodkind-Vindarnas_Tempel-AUDIOBOOK-SE-2004-CTA/26-terry_goodkind-vindarnas_tempel.mp3
Jun 18 22:17 : update: added Terry Goodkind - Sanningens Svärd 9-12/09.Terry_Goodkind-Vindarnas_Tempel-AUDIOBOOK-SE-2004-CTA/14-terry_goodkind-vindarnas_tempel.mp3
Jun 18 22:17 : update: added Terry Goodkind - Sanningens Svärd 9-12/09.Terry_Goodkind-Vindarnas_Tempel-AUDIOBOOK-SE-2004-CTA/04-terry_goodkind-vindarnas_tempel.mp3
Jun 18 22:17 : update: added Terry Goodkind - Sanningens Svärd 9-12/09.Terry_Goodkind-Vindarnas_Tempel-AUDIOBOOK-SE-2004-CTA/22-terry_goodkind-vindarnas_tempel.mp3
Jun 18 22:17 : update: added Terry Goodkind - Sanningens Svärd 9-12/09.Terry_Goodkind-Vindarnas_Tempel-AUDIOBOOK-SE-2004-CTA/23-terry_goodkind-vindarnas_tempel.mp3
Jun 18 22:17 : update: added Terry Goodkind - Sanningens Svärd 9-12/09.Terry_Goodkind-Vindarnas_Tempel-AUDIOBOOK-SE-2004-CTA/02-terry_goodkind-vindarnas_tempel.mp3
Jun 18 22:17 : update: added Terry Goodkind - Sanningens Svärd 9-12/09.Terry_Goodkind-Vindarnas_Tempel-AUDIOBOOK-SE-2004-CTA/09-terry_goodkind-vindarnas_tempel.mp3
Jun 18 22:17 : update: added Terry Goodkind - Sanningens Svärd 9-12/09.Terry_Goodkind-Vindarnas_Tempel-AUDIOBOOK-SE-2004-CTA/11-terry_goodkind-vindarnas_tempel.mp3
Jun 18 22:17 : update: added Terry Goodkind - Sanningens Svärd 9-12/09.Terry_Goodkind-Vindarnas_Tempel-AUDIOBOOK-SE-2004-CTA/24-terry_goodkind-vindarnas_tempel.mp3
Jun 18 22:17 : update: added Terry Goodkind - Sanningens Svärd 9-12/09.Terry_Goodkind-Vindarnas_Tempel-AUDIOBOOK-SE-2004-CTA/06-terry_goodkind-vindarnas_tempel.mp3
Jun 18 22:17 : update: added Terry Goodkind - Sanningens Svärd 9-12/09.Terry_Goodkind-Vindarnas_Tempel-AUDIOBOOK-SE-2004-CTA/29-terry_goodkind-vindarnas_tempel.mp3
Jun 18 22:17 : update: added Terry Goodkind - Sanningens Svärd 9-12/09.Terry_Goodkind-Vindarnas_Tempel-AUDIOBOOK-SE-2004-CTA/27-terry_goodkind-vindarnas_tempel.mp3
Jun 18 22:17 : update: added Terry Goodkind - Sanningens Svärd 9-12/11.Terry_Goodkind-De_Tre_Klangerna-AUDIOBOOK-SE-2006-CTA/16-terry_goodkind-de_tre_klangerna.mp3
Jun 18 22:17 : update: added Terry Goodkind - Sanningens Svärd 9-12/11.Terry_Goodkind-De_Tre_Klangerna-AUDIOBOOK-SE-2006-CTA/11-terry_goodkind-de_tre_klangerna.mp3
Jun 18 22:17 : update: added Terry Goodkind - Sanningens Svärd 9-12/11.Terry_Goodkind-De_Tre_Klangerna-AUDIOBOOK-SE-2006-CTA/17-terry_goodkind-de_tre_klangerna.mp3
Jun 18 22:17 : update: added Terry Goodkind - Sanningens Svärd 9-12/11.Terry_Goodkind-De_Tre_Klangerna-AUDIOBOOK-SE-2006-CTA/25-terry_goodkind-de_tre_klangerna.mp3
Jun 18 22:17 : update: added Terry Goodkind - Sanningens Svärd 9-12/11.Terry_Goodkind-De_Tre_Klangerna-AUDIOBOOK-SE-2006-CTA/06-terry_goodkind-de_tre_klangerna.mp3
Jun 18 22:17 : update: added Terry Goodkind - Sanningens Svärd 9-12/11.Terry_Goodkind-De_Tre_Klangerna-AUDIOBOOK-SE-2006-CTA/19-terry_goodkind-de_tre_klangerna.mp3
Jun 18 22:17 : update: added Terry Goodkind - Sanningens Svärd 9-12/11.Terry_Goodkind-De_Tre_Klangerna-AUDIOBOOK-SE-2006-CTA/05-terry_goodkind-de_tre_klangerna.mp3
Jun 18 22:17 : update: added Terry Goodkind - Sanningens Svärd 9-12/11.Terry_Goodkind-De_Tre_Klangerna-AUDIOBOOK-SE-2006-CTA/10-terry_goodkind-de_tre_klangerna.mp3
Jun 18 22:17 : update: added Terry Goodkind - Sanningens Svärd 9-12/11.Terry_Goodkind-De_Tre_Klangerna-AUDIOBOOK-SE-2006-CTA/14-terry_goodkind-de_tre_klangerna.mp3
Jun 18 22:17 : update: added Terry Goodkind - Sanningens Svärd 9-12/11.Terry_Goodkind-De_Tre_Klangerna-AUDIOBOOK-SE-2006-CTA/04-terry_goodkind-de_tre_klangerna.mp3
Jun 18 22:17 : update: added Terry Goodkind - Sanningens Svärd 9-12/11.Terry_Goodkind-De_Tre_Klangerna-AUDIOBOOK-SE-2006-CTA/01-terry_goodkind-de_tre_klangerna.mp3
Jun 18 22:17 : update: added Terry Goodkind - Sanningens Svärd 9-12/11.Terry_Goodkind-De_Tre_Klangerna-AUDIOBOOK-SE-2006-CTA/22-terry_goodkind-de_tre_klangerna.mp3
Jun 18 22:17 : update: added Terry Goodkind - Sanningens Svärd 9-12/11.Terry_Goodkind-De_Tre_Klangerna-AUDIOBOOK-SE-2006-CTA/13-terry_goodkind-de_tre_klangerna.mp3
Jun 18 22:17 : update: added Terry Goodkind - Sanningens Svärd 9-12/11.Terry_Goodkind-De_Tre_Klangerna-AUDIOBOOK-SE-2006-CTA/15-terry_goodkind-de_tre_klangerna.mp3
Jun 18 22:17 : update: added Terry Goodkind - Sanningens Svärd 9-12/11.Terry_Goodkind-De_Tre_Klangerna-AUDIOBOOK-SE-2006-CTA/26-terry_goodkind-de_tre_klangerna.mp3
Jun 18 22:17 : update: added Terry Goodkind - Sanningens Svärd 9-12/11.Terry_Goodkind-De_Tre_Klangerna-AUDIOBOOK-SE-2006-CTA/20-terry_goodkind-de_tre_klangerna.mp3
Jun 18 22:17 : update: added Terry Goodkind - Sanningens Svärd 9-12/11.Terry_Goodkind-De_Tre_Klangerna-AUDIOBOOK-SE-2006-CTA/03-terry_goodkind-de_tre_klangerna.mp3
Jun 18 22:17 : update: added Terry Goodkind - Sanningens Svärd 9-12/11.Terry_Goodkind-De_Tre_Klangerna-AUDIOBOOK-SE-2006-CTA/18-terry_goodkind-de_tre_klangerna.mp3
Jun 18 22:17 : update: added Terry Goodkind - Sanningens Svärd 9-12/11.Terry_Goodkind-De_Tre_Klangerna-AUDIOBOOK-SE-2006-CTA/02-terry_goodkind-de_tre_klangerna.mp3
Jun 18 22:17 : update: added Terry Goodkind - Sanningens Svärd 9-12/11.Terry_Goodkind-De_Tre_Klangerna-AUDIOBOOK-SE-2006-CTA/29-terry_goodkind-de_tre_klangerna.mp3
Jun 18 22:17 : update: added Terry Goodkind - Sanningens Svärd 9-12/11.Terry_Goodkind-De_Tre_Klangerna-AUDIOBOOK-SE-2006-CTA/30-terry_goodkind-de_tre_klangerna.mp3
Jun 18 22:17 : update: added Terry Goodkind - Sanningens Svärd 9-12/11.Terry_Goodkind-De_Tre_Klangerna-AUDIOBOOK-SE-2006-CTA/07-terry_goodkind-de_tre_klangerna.mp3
Jun 18 22:17 : update: added Terry Goodkind - Sanningens Svärd 9-12/11.Terry_Goodkind-De_Tre_Klangerna-AUDIOBOOK-SE-2006-CTA/12-terry_goodkind-de_tre_klangerna.mp3
Jun 18 22:17 : update: added Terry Goodkind - Sanningens Svärd 9-12/11.Terry_Goodkind-De_Tre_Klangerna-AUDIOBOOK-SE-2006-CTA/09-terry_goodkind-de_tre_klangerna.mp3
Jun 18 22:17 : update: added Terry Goodkind - Sanningens Svärd 9-12/11.Terry_Goodkind-De_Tre_Klangerna-AUDIOBOOK-SE-2006-CTA/24-terry_goodkind-de_tre_klangerna.mp3
Jun 18 22:17 : update: added Terry Goodkind - Sanningens Svärd 9-12/11.Terry_Goodkind-De_Tre_Klangerna-AUDIOBOOK-SE-2006-CTA/23-terry_goodkind-de_tre_klangerna.mp3
Jun 18 22:17 : update: added Terry Goodkind - Sanningens Svärd 9-12/11.Terry_Goodkind-De_Tre_Klangerna-AUDIOBOOK-SE-2006-CTA/21-terry_goodkind-de_tre_klangerna.mp3
Jun 18 22:17 : update: added Terry Goodkind - Sanningens Svärd 9-12/11.Terry_Goodkind-De_Tre_Klangerna-AUDIOBOOK-SE-2006-CTA/08-terry_goodkind-de_tre_klangerna.mp3
Jun 18 22:17 : update: added Terry Goodkind - Sanningens Svärd 9-12/11.Terry_Goodkind-De_Tre_Klangerna-AUDIOBOOK-SE-2006-CTA/28-terry_goodkind-de_tre_klangerna.mp3
Jun 18 22:17 : update: added Terry Goodkind - Sanningens Svärd 9-12/11.Terry_Goodkind-De_Tre_Klangerna-AUDIOBOOK-SE-2006-CTA/27-terry_goodkind-de_tre_klangerna.mp3
Jun 18 22:17 : update: added Terry Goodkind - Sanningens Svärd 9-12/10.Terry_Goodkind-Manens_Budskap-AUDIOBOOK-SE-2006-CTA/25-terry_goodkind-manens_budskap.mp3
Jun 18 22:17 : update: added Terry Goodkind - Sanningens Svärd 9-12/10.Terry_Goodkind-Manens_Budskap-AUDIOBOOK-SE-2006-CTA/02-terry_goodkind-manens_budskap.mp3
Jun 18 22:17 : update: added Terry Goodkind - Sanningens Svärd 9-12/10.Terry_Goodkind-Manens_Budskap-AUDIOBOOK-SE-2006-CTA/26-terry_goodkind-manens_budskap.mp3
Jun 18 22:17 : update: added Terry Goodkind - Sanningens Svärd 9-12/10.Terry_Goodkind-Manens_Budskap-AUDIOBOOK-SE-2006-CTA/04-terry_goodkind-manens_budskap.mp3
Jun 18 22:17 : update: added Terry Goodkind - Sanningens Svärd 9-12/10.Terry_Goodkind-Manens_Budskap-AUDIOBOOK-SE-2006-CTA/14-terry_goodkind-manens_budskap.mp3
Jun 18 22:17 : update: added Terry Goodkind - Sanningens Svärd 9-12/10.Terry_Goodkind-Manens_Budskap-AUDIOBOOK-SE-2006-CTA/27-terry_goodkind-manens_budskap.mp3
Jun 18 22:17 : update: added Terry Goodkind - Sanningens Svärd 9-12/10.Terry_Goodkind-Manens_Budskap-AUDIOBOOK-SE-2006-CTA/09-terry_goodkind-manens_budskap.mp3
Jun 18 22:17 : update: added Terry Goodkind - Sanningens Svärd 9-12/10.Terry_Goodkind-Manens_Budskap-AUDIOBOOK-SE-2006-CTA/12-terry_goodkind-manens_budskap.mp3
Jun 18 22:17 : update: added Terry Goodkind - Sanningens Svärd 9-12/10.Terry_Goodkind-Manens_Budskap-AUDIOBOOK-SE-2006-CTA/05-terry_goodkind-manens_budskap.mp3
Jun 18 22:17 : update: added Terry Goodkind - Sanningens Svärd 9-12/10.Terry_Goodkind-Manens_Budskap-AUDIOBOOK-SE-2006-CTA/21-terry_goodkind-manens_budskap.mp3
Jun 18 22:17 : update: added Terry Goodkind - Sanningens Svärd 9-12/10.Terry_Goodkind-Manens_Budskap-AUDIOBOOK-SE-2006-CTA/13-terry_goodkind-manens_budskap.mp3
Jun 18 22:17 : update: added Terry Goodkind - Sanningens Svärd 9-12/10.Terry_Goodkind-Manens_Budskap-AUDIOBOOK-SE-2006-CTA/28-terry_goodkind-manens_budskap.mp3
Jun 18 22:17 : update: added Terry Goodkind - Sanningens Svärd 9-12/10.Terry_Goodkind-Manens_Budskap-AUDIOBOOK-SE-2006-CTA/06-terry_goodkind-manens_budskap.mp3
Jun 18 22:17 : update: added Terry Goodkind - Sanningens Svärd 9-12/10.Terry_Goodkind-Manens_Budskap-AUDIOBOOK-SE-2006-CTA/03-terry_goodkind-manens_budskap.mp3
Jun 18 22:17 : update: added Terry Goodkind - Sanningens Svärd 9-12/10.Terry_Goodkind-Manens_Budskap-AUDIOBOOK-SE-2006-CTA/31-terry_goodkind-manens_budskap.mp3
Jun 18 22:17 : update: added Terry Goodkind - Sanningens Svärd 9-12/10.Terry_Goodkind-Manens_Budskap-AUDIOBOOK-SE-2006-CTA/24-terry_goodkind-manens_budskap.mp3
Jun 18 22:17 : update: added Terry Goodkind - Sanningens Svärd 9-12/10.Terry_Goodkind-Manens_Budskap-AUDIOBOOK-SE-2006-CTA/01-terry_goodkind-manens_budskap.mp3
Jun 18 22:17 : update: added Terry Goodkind - Sanningens Svärd 9-12/10.Terry_Goodkind-Manens_Budskap-AUDIOBOOK-SE-2006-CTA/20-terry_goodkind-manens_budskap.mp3
Jun 18 22:17 : update: added Terry Goodkind - Sanningens Svärd 9-12/10.Terry_Goodkind-Manens_Budskap-AUDIOBOOK-SE-2006-CTA/19-terry_goodkind-manens_budskap.mp3
Jun 18 22:17 : update: added Terry Goodkind - Sanningens Svärd 9-12/10.Terry_Goodkind-Manens_Budskap-AUDIOBOOK-SE-2006-CTA/18-terry_goodkind-manens_budskap.mp3
Jun 18 22:17 : update: added Terry Goodkind - Sanningens Svärd 9-12/10.Terry_Goodkind-Manens_Budskap-AUDIOBOOK-SE-2006-CTA/22-terry_goodkind-manens_budskap.mp3
Jun 18 22:17 : update: added Terry Goodkind - Sanningens Svärd 9-12/10.Terry_Goodkind-Manens_Budskap-AUDIOBOOK-SE-2006-CTA/30-terry_goodkind-manens_budskap.mp3
Jun 18 22:17 : update: added Terry Goodkind - Sanningens Svärd 9-12/10.Terry_Goodkind-Manens_Budskap-AUDIOBOOK-SE-2006-CTA/07-terry_goodkind-manens_budskap.mp3
Jun 18 22:17 : update: added Terry Goodkind - Sanningens Svärd 9-12/10.Terry_Goodkind-Manens_Budskap-AUDIOBOOK-SE-2006-CTA/10-terry_goodkind-manens_budskap.mp3
Jun 18 22:17 : update: added Terry Goodkind - Sanningens Svärd 9-12/10.Terry_Goodkind-Manens_Budskap-AUDIOBOOK-SE-2006-CTA/11-terry_goodkind-manens_budskap.mp3
Jun 18 22:17 : update: added Terry Goodkind - Sanningens Svärd 9-12/10.Terry_Goodkind-Manens_Budskap-AUDIOBOOK-SE-2006-CTA/16-terry_goodkind-manens_budskap.mp3
Jun 18 22:17 : update: added Terry Goodkind - Sanningens Svärd 9-12/10.Terry_Goodkind-Manens_Budskap-AUDIOBOOK-SE-2006-CTA/08-terry_goodkind-manens_budskap.mp3
Jun 18 22:17 : update: added Terry Goodkind - Sanningens Svärd 9-12/10.Terry_Goodkind-Manens_Budskap-AUDIOBOOK-SE-2006-CTA/15-terry_goodkind-manens_budskap.mp3
Jun 18 22:17 : update: added Terry Goodkind - Sanningens Svärd 9-12/10.Terry_Goodkind-Manens_Budskap-AUDIOBOOK-SE-2006-CTA/17-terry_goodkind-manens_budskap.mp3
Jun 18 22:17 : update: added Terry Goodkind - Sanningens Svärd 9-12/10.Terry_Goodkind-Manens_Budskap-AUDIOBOOK-SE-2006-CTA/29-terry_goodkind-manens_budskap.mp3
Jun 18 22:17 : update: added Terry Goodkind - Sanningens Svärd 9-12/10.Terry_Goodkind-Manens_Budskap-AUDIOBOOK-SE-2006-CTA/23-terry_goodkind-manens_budskap.mp3
Jun 18 22:17 : update: added Terry Goodkind - Sanningens Svärd 9-12/12.Terry_Goodkind-Eldens_Sjal-AUDIOBOOK-SE-2005-CTA/03-terry_goodkind-eldens_sjal.mp3
Jun 18 22:17 : update: added Terry Goodkind - Sanningens Svärd 9-12/12.Terry_Goodkind-Eldens_Sjal-AUDIOBOOK-SE-2005-CTA/20-terry_goodkind-eldens_sjal.mp3
Jun 18 22:17 : update: added Terry Goodkind - Sanningens Svärd 9-12/12.Terry_Goodkind-Eldens_Sjal-AUDIOBOOK-SE-2005-CTA/07-terry_goodkind-eldens_sjal.mp3
Jun 18 22:17 : update: added Terry Goodkind - Sanningens Svärd 9-12/12.Terry_Goodkind-Eldens_Sjal-AUDIOBOOK-SE-2005-CTA/12-terry_goodkind-eldens_sjal.mp3
Jun 18 22:17 : update: added Terry Goodkind - Sanningens Svärd 9-12/12.Terry_Goodkind-Eldens_Sjal-AUDIOBOOK-SE-2005-CTA/26-terry_goodkind-eldens_sjal.mp3
Jun 18 22:17 : update: added Terry Goodkind - Sanningens Svärd 9-12/12.Terry_Goodkind-Eldens_Sjal-AUDIOBOOK-SE-2005-CTA/15-terry_goodkind-eldens_sjal.mp3
Jun 18 22:17 : update: added Terry Goodkind - Sanningens Svärd 9-12/12.Terry_Goodkind-Eldens_Sjal-AUDIOBOOK-SE-2005-CTA/17-terry_goodkind-eldens_sjal.mp3
Jun 18 22:17 : update: added Terry Goodkind - Sanningens Svärd 9-12/12.Terry_Goodkind-Eldens_Sjal-AUDIOBOOK-SE-2005-CTA/09-terry_goodkind-eldens_sjal.mp3
Jun 18 22:17 : update: added Terry Goodkind - Sanningens Svärd 9-12/12.Terry_Goodkind-Eldens_Sjal-AUDIOBOOK-SE-2005-CTA/18-terry_goodkind-eldens_sjal.mp3
Jun 18 22:17 : update: added Terry Goodkind - Sanningens Svärd 9-12/12.Terry_Goodkind-Eldens_Sjal-AUDIOBOOK-SE-2005-CTA/21-terry_goodkind-eldens_sjal.mp3
Jun 18 22:17 : update: added Terry Goodkind - Sanningens Svärd 9-12/12.Terry_Goodkind-Eldens_Sjal-AUDIOBOOK-SE-2005-CTA/23-terry_goodkind-eldens_sjal.mp3
Jun 18 22:17 : update: added Terry Goodkind - Sanningens Svärd 9-12/12.Terry_Goodkind-Eldens_Sjal-AUDIOBOOK-SE-2005-CTA/13-terry_goodkind-eldens_sjal.mp3
Jun 18 22:17 : update: added Terry Goodkind - Sanningens Svärd 9-12/12.Terry_Goodkind-Eldens_Sjal-AUDIOBOOK-SE-2005-CTA/10-terry_goodkind-eldens_sjal.mp3
Jun 18 22:17 : update: added Terry Goodkind - Sanningens Svärd 9-12/12.Terry_Goodkind-Eldens_Sjal-AUDIOBOOK-SE-2005-CTA/27-terry_goodkind-eldens_sjal.mp3
Jun 18 22:17 : update: added Terry Goodkind - Sanningens Svärd 9-12/12.Terry_Goodkind-Eldens_Sjal-AUDIOBOOK-SE-2005-CTA/24-terry_goodkind-eldens_sjal.mp3
Jun 18 22:17 : update: added Terry Goodkind - Sanningens Svärd 9-12/12.Terry_Goodkind-Eldens_Sjal-AUDIOBOOK-SE-2005-CTA/06-terry_goodkind-eldens_sjal.mp3
Jun 18 22:17 : update: added Terry Goodkind - Sanningens Svärd 9-12/12.Terry_Goodkind-Eldens_Sjal-AUDIOBOOK-SE-2005-CTA/19-terry_goodkind-eldens_sjal.mp3
Jun 18 22:17 : update: added Terry Goodkind - Sanningens Svärd 9-12/12.Terry_Goodkind-Eldens_Sjal-AUDIOBOOK-SE-2005-CTA/16-terry_goodkind-eldens_sjal.mp3
Jun 18 22:17 : update: added Terry Goodkind - Sanningens Svärd 9-12/12.Terry_Goodkind-Eldens_Sjal-AUDIOBOOK-SE-2005-CTA/11-terry_goodkind-eldens_sjal.mp3
Jun 18 22:17 : update: added Terry Goodkind - Sanningens Svärd 9-12/12.Terry_Goodkind-Eldens_Sjal-AUDIOBOOK-SE-2005-CTA/25-terry_goodkind-eldens_sjal.mp3
Jun 18 22:17 : update: added Terry Goodkind - Sanningens Svärd 9-12/12.Terry_Goodkind-Eldens_Sjal-AUDIOBOOK-SE-2005-CTA/01-terry_goodkind-eldens_sjal.mp3
Jun 18 22:17 : update: added Terry Goodkind - Sanningens Svärd 9-12/12.Terry_Goodkind-Eldens_Sjal-AUDIOBOOK-SE-2005-CTA/22-terry_goodkind-eldens_sjal.mp3
Jun 18 22:17 : update: added Terry Goodkind - Sanningens Svärd 9-12/12.Terry_Goodkind-Eldens_Sjal-AUDIOBOOK-SE-2005-CTA/04-terry_goodkind-eldens_sjal.mp3
Jun 18 22:17 : update: added Terry Goodkind - Sanningens Svärd 9-12/12.Terry_Goodkind-Eldens_Sjal-AUDIOBOOK-SE-2005-CTA/08-terry_goodkind-eldens_sjal.mp3
Jun 18 22:17 : update: added Terry Goodkind - Sanningens Svärd 9-12/12.Terry_Goodkind-Eldens_Sjal-AUDIOBOOK-SE-2005-CTA/14-terry_goodkind-eldens_sjal.mp3
Jun 18 22:17 : update: added Terry Goodkind - Sanningens Svärd 9-12/12.Terry_Goodkind-Eldens_Sjal-AUDIOBOOK-SE-2005-CTA/02-terry_goodkind-eldens_sjal.mp3
Jun 18 22:17 : update: added Terry Goodkind - Sanningens Svärd 9-12/12.Terry_Goodkind-Eldens_Sjal-AUDIOBOOK-SE-2005-CTA/05-terry_goodkind-eldens_sjal.mp3
Jun 19 06:04 : avahi: Client Disconnected, will reconnect shortly
Jun 19 06:04 : avahi: Could not reconnect: Daemon not running
Jun 19 17:50 : update: added The Psycho Realm - The Psycho Realm  - 1997/The Psycho Realm - 12 - Lost Cities.mp3
Jun 19 17:50 : update: added The Psycho Realm - The Psycho Realm  - 1997/The Psycho Realm - 10 - R. U. Experienced Outro.mp3
Jun 19 17:50 : update: added The Psycho Realm - The Psycho Realm  - 1997/The Psycho Realm - 13 - La Conecta Intro La Conecta.mp3
Jun 19 17:50 : update: added The Psycho Realm - The Psycho Realm  - 1997/The Psycho Realm - 01 - Psycho City blocks.mp3
Jun 19 17:50 : update: added The Psycho Realm - The Psycho Realm  - 1997/The Psycho Realm - 07 - Doors Intro Confessions Of A Drug Addict.mp3
Jun 19 17:50 : update: added The Psycho Realm - The Psycho Realm  - 1997/The Psycho Realm - 09 - Love Letters Intro Love From The Sick Side .mp3
Jun 19 17:50 : update: added The Psycho Realm - The Psycho Realm  - 1997/The Psycho Realm - 06 - Temporary Insanity.mp3
Jun 19 17:50 : update: added The Psycho Realm - The Psycho Realm  - 1997/The Psycho Realm - 04 - Premonitions.mp3
Jun 19 17:50 : update: added The Psycho Realm - The Psycho Realm  - 1997/The Psycho Realm - 03 - The Big Payback.mp3
Jun 19 17:50 : update: added The Psycho Realm - The Psycho Realm  - 1997/The Psycho Realm - 14 - La Conecta (PT. 2).mp3
Jun 19 17:50 : update: added The Psycho Realm - The Psycho Realm  - 1997/The Psycho Realm - 02 - Showdown.mp3
Jun 19 17:50 : update: added The Psycho Realm - The Psycho Realm  - 1997/The Psycho Realm - 08 - The Psycho Ward   Who Are You.mp3
Jun 19 17:50 : update: added The Psycho Realm - The Psycho Realm  - 1997/The Psycho Realm - 05 - Stone Garden.mp3
Jun 19 17:50 : update: added The Psycho Realm - The Psycho Realm  - 1997/The Psycho Realm - 11 - Psyclones.mp3
